<?xml version="1.0" encoding="UTF-8"?>
<!-- Generated by org.testng.reporters.JUnitReportReporter -->
<testsuite skipped="0" hostname="User-PC" name="org.TestNgTest.NewTest" tests="4" failures="0" timestamp="26 Feb 2019 15:17:17 GMT" time="0.024" errors="0">
  <testcase name="sub" time="0.001" classname="org.TestNgTest.NewTest"/>
  <testcase name="add" time="0.015" classname="org.TestNgTest.NewTest"/>
  <testcase name="div" time="0.001" classname="org.TestNgTest.NewTest"/>
  <testcase name="mul" time="0.007" classname="org.TestNgTest.NewTest"/>
</testsuite> <!-- org.TestNgTest.NewTest -->
